# JRE version: OpenJDK Runtime Environment (8.0_152-b01) (build 1.8.0_152-release-915-b01)
# Java VM: OpenJDK 64-Bit Server VM (25.152-b01 mixed mode linux-amd64 compressed oops)
Heap:
 PSYoungGen      total 238592K, used 34805K [0x00000000e0000000, 0x00000000f0f80000, 0x0000000100000000)
  eden space 203776K, 0% used [0x00000000e0000000,0x00000000e0000000,0x00000000ec700000)
  from space 34816K, 99% used [0x00000000ec700000,0x00000000ee8fd708,0x00000000ee900000)
  to   space 26112K, 0% used [0x00000000ee900000,0x00000000ee900000,0x00000000f0280000)
 ParOldGen       total 94720K, used 64758K [0x00000000a0000000, 0x00000000a5c80000, 0x00000000e0000000)
  object space 94720K, 68% used [0x00000000a0000000,0x00000000a3f3d828,0x00000000a5c80000)
 Metaspace       used 68822K, capacity 70786K, committed 71128K, reserved 1112064K
  class space    used 8896K, capacity 9376K, committed 9472K, reserved 1048576K
GC Heap History (10 events):
Event: 28.259 GC heap after
Heap after GC invocations=13 (full 2):
 PSYoungGen      total 130560K, used 12267K [0x00000000e0000000, 0x00000000eb600000, 0x0000000100000000)
  eden space 118272K, 0% used [0x00000000e0000000,0x00000000e0000000,0x00000000e7380000)
  from space 12288K, 99% used [0x00000000e7380000,0x00000000e7f7ae38,0x00000000e7f80000)
  to   space 15872K, 0% used [0x00000000ea680000,0x00000000ea680000,0x00000000eb600000)
 ParOldGen       total 55296K, used 20551K [0x00000000a0000000, 0x00000000a3600000, 0x00000000e0000000)
  object space 55296K, 37% used [0x00000000a0000000,0x00000000a1411c60,0x00000000a3600000)
 Metaspace       used 50427K, capacity 51986K, committed 52056K, reserved 1093632K
  class space    used 6841K, capacity 7256K, committed 7296K, reserved 1048576K
}
Event: 37.237 GC heap before
{Heap before GC invocations=14 (full 2):
 PSYoungGen      total 130560K, used 130539K [0x00000000e0000000, 0x00000000eb600000, 0x0000000100000000)
  eden space 118272K, 100% used [0x00000000e0000000,0x00000000e7380000,0x00000000e7380000)
  from space 12288K, 99% used [0x00000000e7380000,0x00000000e7f7ae38,0x00000000e7f80000)
  to   space 15872K, 0% used [0x00000000ea680000,0x00000000ea680000,0x00000000eb600000)
 ParOldGen       total 55296K, used 20551K [0x00000000a0000000, 0x00000000a3600000, 0x00000000e0000000)
  object space 55296K, 37% used [0x00000000a0000000,0x00000000a1411c60,0x00000000a3600000)
 Metaspace       used 57114K, capacity 58800K, committed 59028K, reserved 1099776K
  class space    used 7696K, capacity 8111K, committed 8192K, reserved 1048576K
Event: 37.378 GC heap after
Heap after GC invocations=14 (full 2):
 PSYoungGen      total 163840K, used 15847K [0x00000000e0000000, 0x00000000ec300000, 0x0000000100000000)
  eden space 147968K, 0% used [0x00000000e0000000,0x00000000e0000000,0x00000000e9080000)
  from space 15872K, 99% used [0x00000000ea680000,0x00000000eb5f9d58,0x00000000eb600000)
  to   space 22528K, 0% used [0x00000000e9080000,0x00000000e9080000,0x00000000ea680000)
 ParOldGen       total 55296K, used 32133K [0x00000000a0000000, 0x00000000a3600000, 0x00000000e0000000)
  object space 55296K, 58% used [0x00000000a0000000,0x00000000a1f614d0,0x00000000a3600000)
 Metaspace       used 57114K, capacity 58800K, committed 59028K, reserved 1099776K
  class space    used 7696K, capacity 8111K, committed 8192K, reserved 1048576K
}
Event: 38.002 GC heap before
{Heap before GC invocations=15 (full 2):
 PSYoungGen      total 163840K, used 40435K [0x00000000e0000000, 0x00000000ec300000, 0x0000000100000000)
  eden space 147968K, 16% used [0x00000000e0000000,0x00000000e1802fc8,0x00000000e9080000)
  from space 15872K, 99% used [0x00000000ea680000,0x00000000eb5f9d58,0x00000000eb600000)
  to   space 22528K, 0% used [0x00000000e9080000,0x00000000e9080000,0x00000000ea680000)
 ParOldGen       total 55296K, used 32133K [0x00000000a0000000, 0x00000000a3600000, 0x00000000e0000000)
  object space 55296K, 58% used [0x00000000a0000000,0x00000000a1f614d0,0x00000000a3600000)
 Metaspace       used 57194K, capacity 58896K, committed 59028K, reserved 1099776K
  class space    used 7701K, capacity 8143K, committed 8192K, reserved 1048576K
Event: 38.075 GC heap after
Heap after GC invocations=15 (full 2):
 PSYoungGen      total 170496K, used 22314K [0x00000000e0000000, 0x00000000f0280000, 0x0000000100000000)
  eden space 147968K, 0% used [0x00000000e0000000,0x00000000e0000000,0x00000000e9080000)
  from space 22528K, 99% used [0x00000000e9080000,0x00000000ea64ab08,0x00000000ea680000)
  to   space 26112K, 0% used [0x00000000ee900000,0x00000000ee900000,0x00000000f0280000)
 ParOldGen       total 55296K, used 32141K [0x00000000a0000000, 0x00000000a3600000, 0x00000000e0000000)
  object space 55296K, 58% used [0x00000000a0000000,0x00000000a1f634d0,0x00000000a3600000)
 Metaspace       used 57194K, capacity 58896K, committed 59028K, reserved 1099776K
  class space    used 7701K, capacity 8143K, committed 8192K, reserved 1048576K
}
Event: 38.075 GC heap before
{Heap before GC invocations=16 (full 3):
 PSYoungGen      total 170496K, used 22314K [0x00000000e0000000, 0x00000000f0280000, 0x0000000100000000)
  eden space 147968K, 0% used [0x00000000e0000000,0x00000000e0000000,0x00000000e9080000)
  from space 22528K, 99% used [0x00000000e9080000,0x00000000ea64ab08,0x00000000ea680000)
  to   space 26112K, 0% used [0x00000000ee900000,0x00000000ee900000,0x00000000f0280000)
 ParOldGen       total 55296K, used 32141K [0x00000000a0000000, 0x00000000a3600000, 0x00000000e0000000)
  object space 55296K, 58% used [0x00000000a0000000,0x00000000a1f634d0,0x00000000a3600000)
 Metaspace       used 57194K, capacity 58896K, committed 59028K, reserved 1099776K
  class space    used 7701K, capacity 8143K, committed 8192K, reserved 1048576K
Event: 38.448 GC heap after
Heap after GC invocations=16 (full 3):
 PSYoungGen      total 170496K, used 0K [0x00000000e0000000, 0x00000000f0280000, 0x0000000100000000)
  eden space 147968K, 0% used [0x00000000e0000000,0x00000000e0000000,0x00000000e9080000)
  from space 22528K, 0% used [0x00000000e9080000,0x00000000e9080000,0x00000000ea680000)
  to   space 26112K, 0% used [0x00000000ee900000,0x00000000ee900000,0x00000000f0280000)
 ParOldGen       total 94720K, used 44541K [0x00000000a0000000, 0x00000000a5c80000, 0x00000000e0000000)
  object space 94720K, 47% used [0x00000000a0000000,0x00000000a2b7f798,0x00000000a5c80000)
 Metaspace       used 57194K, capacity 58896K, committed 59028K, reserved 1099776K
  class space    used 7701K, capacity 8143K, committed 8192K, reserved 1048576K
}
Event: 43.214 GC heap before
{Heap before GC invocations=17 (full 3):
 PSYoungGen      total 170496K, used 147968K [0x00000000e0000000, 0x00000000f0280000, 0x0000000100000000)
  eden space 147968K, 100% used [0x00000000e0000000,0x00000000e9080000,0x00000000e9080000)
  from space 22528K, 0% used [0x00000000e9080000,0x00000000e9080000,0x00000000ea680000)
  to   space 26112K, 0% used [0x00000000ee900000,0x00000000ee900000,0x00000000f0280000)
 ParOldGen       total 94720K, used 44541K [0x00000000a0000000, 0x00000000a5c80000, 0x00000000e0000000)
  object space 94720K, 47% used [0x00000000a0000000,0x00000000a2b7f798,0x00000000a5c80000)
 Metaspace       used 64560K, capacity 66376K, committed 66520K, reserved 1107968K
  class space    used 8469K, capacity 8951K, committed 8960K, reserved 1048576K
Event: 43.347 GC heap after
Heap after GC invocations=17 (full 3):
 PSYoungGen      total 229888K, used 26082K [0x00000000e0000000, 0x00000000f0f80000, 0x0000000100000000)
  eden space 203776K, 0% used [0x00000000e0000000,0x00000000e0000000,0x00000000ec700000)
  from space 26112K, 99% used [0x00000000ee900000,0x00000000f02789d8,0x00000000f0280000)
  to   space 34816K, 0% used [0x00000000ec700000,0x00000000ec700000,0x00000000ee900000)
 ParOldGen       total 94720K, used 56959K [0x00000000a0000000, 0x00000000a5c80000, 0x00000000e0000000)
  object space 94720K, 60% used [0x00000000a0000000,0x00000000a379fe40,0x00000000a5c80000)
 Metaspace       used 64560K, capacity 66376K, committed 66520K, reserved 1107968K
  class space    used 8469K, capacity 8951K, committed 8960K, reserved 1048576K
}
Event: 50.715 GC heap before
{Heap before GC invocations=18 (full 3):
 PSYoungGen      total 229888K, used 229858K [0x00000000e0000000, 0x00000000f0f80000, 0x0000000100000000)
  eden space 203776K, 100% used [0x00000000e0000000,0x00000000ec700000,0x00000000ec700000)
  from space 26112K, 99% used [0x00000000ee900000,0x00000000f02789d8,0x00000000f0280000)
  to   space 34816K, 0% used [0x00000000ec700000,0x00000000ec700000,0x00000000ee900000)
 ParOldGen       total 94720K, used 56959K [0x00000000a0000000, 0x00000000a5c80000, 0x00000000e0000000)
  object space 94720K, 60% used [0x00000000a0000000,0x00000000a379fe40,0x00000000a5c80000)
 Metaspace       used 68822K, capacity 70786K, committed 71128K, reserved 1112064K
  class space    used 8896K, capacity 9376K, committed 9472K, reserved 1048576K

